<?xml version="1.0" encoding="UTF-8"?>
<testsuite xmlns:xsi="http://www.w3.org/2001/XMLSchema-instance" xsi:noNamespaceSchemaLocation="https://maven.apache.org/surefire/maven-surefire-plugin/xsd/surefire-test-report-3.0.xsd" version="3.0" name="com.threebrowsers.selenium.tests.LoginSuiteTest" time="23.212" tests="4" errors="0" skipped="1" failures="0">
  <properties>
[...]
</properties>
  <testcase name="testInChrome" classname="com.threebrowsers.selenium.tests.LoginSuiteTest" time="5.806">
    <system-err><![CDATA[jun. 17, 2026 9:40:34 P. M. org.openqa.selenium.devtools.CdpVersionFinder findNearestMatch
WARNING: Unable to find CDP implementation matching 149
jun. 17, 2026 9:40:34 P. M. org.openqa.selenium.chromium.ChromiumDriver lambda$new$5
WARNING: Unable to find version of CDP to use for 149.0.7827.155. You may need to include a dependency on a specific version of the CDP using something similar to `org.seleniumhq.selenium:selenium-devtools-v86:4.25.0` where the version ("v86") matches the version of the chromium-based browser you're using and the version number of the artifact is the same as Selenium's.
]]></system-err>
  </testcase>
  <testcase name="testInEdge" classname="com.threebrowsers.selenium.tests.LoginSuiteTest" time="5.273">
    <system-err><![CDATA[jun. 17, 2026 9:40:38 P. M. org.openqa.selenium.manager.SeleniumManager lambda$runCommand$1
WARNING: There was an error managing msedgedriver (error sending request for url (https://msedgedriver.azureedge.net/LATEST_RELEASE_149_WINDOWS)); using driver found in the cache
jun. 17, 2026 9:40:39 P. M. org.openqa.selenium.devtools.CdpVersionFinder findNearestMatch
WARNING: Unable to find CDP implementation matching 149
jun. 17, 2026 9:40:39 P. M. org.openqa.selenium.chromium.ChromiumDriver lambda$new$5
WARNING: Unable to find version of CDP to use for 149.0.4022.69. You may need to include a dependency on a specific version of the CDP using something similar to `org.seleniumhq.selenium:selenium-devtools-v86:4.25.0` where the version ("v86") matches the version of the chromium-based browser you're using and the version number of the artifact is the same as Selenium's.
]]></system-err>
  </testcase>
  <testcase name="testInFirefox" classname="com.threebrowsers.selenium.tests.LoginSuiteTest" time="10.872"/>
  <testcase name="testInSafari" classname="com.threebrowsers.selenium.tests.LoginSuiteTest" time="0.0">
    <skipped message="Disabled on operating system: Windows 11"/>
  </testcase>
</testsuite>